\BOOKMARK [0][-]{chapter.1}{\376\377\0001\000\040\000N\000a\000m\000e\000s\000p\000a\000c\000e\000\040\000I\000n\000d\000e\000x}{}% 1
\BOOKMARK [1][-]{section.1.1}{\376\377\0001\000.\0001\000\040\000P\000a\000c\000k\000a\000g\000e\000s}{chapter.1}% 2
\BOOKMARK [0][-]{chapter.2}{\376\377\0002\000\040\000H\000i\000e\000r\000a\000r\000c\000h\000i\000c\000a\000l\000\040\000I\000n\000d\000e\000x}{}% 3
\BOOKMARK [1][-]{section.2.1}{\376\377\0002\000.\0001\000\040\000C\000l\000a\000s\000s\000\040\000H\000i\000e\000r\000a\000r\000c\000h\000y}{chapter.2}% 4
\BOOKMARK [0][-]{chapter.3}{\376\377\0003\000\040\000C\000l\000a\000s\000s\000\040\000I\000n\000d\000e\000x}{}% 5
\BOOKMARK [1][-]{section.3.1}{\376\377\0003\000.\0001\000\040\000C\000l\000a\000s\000s\000\040\000L\000i\000s\000t}{chapter.3}% 6
\BOOKMARK [0][-]{chapter.4}{\376\377\0004\000\040\000F\000i\000l\000e\000\040\000I\000n\000d\000e\000x}{}% 7
\BOOKMARK [1][-]{section.4.1}{\376\377\0004\000.\0001\000\040\000F\000i\000l\000e\000\040\000L\000i\000s\000t}{chapter.4}% 8
\BOOKMARK [0][-]{chapter.5}{\376\377\0005\000\040\000N\000a\000m\000e\000s\000p\000a\000c\000e\000\040\000D\000o\000c\000u\000m\000e\000n\000t\000a\000t\000i\000o\000n}{}% 9
\BOOKMARK [1][-]{section.5.1}{\376\377\0005\000.\0001\000\040\000S\000i\000m\000u\000l\000a\000t\000i\000o\000n\000\040\000N\000a\000m\000e\000s\000p\000a\000c\000e\000\040\000R\000e\000f\000e\000r\000e\000n\000c\000e}{chapter.5}% 10
\BOOKMARK [0][-]{chapter.6}{\376\377\0006\000\040\000C\000l\000a\000s\000s\000\040\000D\000o\000c\000u\000m\000e\000n\000t\000a\000t\000i\000o\000n}{}% 11
\BOOKMARK [1][-]{section.6.1}{\376\377\0006\000.\0001\000\040\000S\000i\000m\000u\000l\000a\000t\000i\000o\000n\000.\000C\000l\000o\000s\000e\000s\000t\000E\000n\000c\000o\000u\000n\000t\000e\000r\000W\000a\000t\000c\000h\000e\000r\000\040\000C\000l\000a\000s\000s\000\040\000R\000e\000f\000e\000r\000e\000n\000c\000e}{chapter.6}% 12
\BOOKMARK [2][-]{subsection.6.1.1}{\376\377\0006\000.\0001\000.\0001\000\040\000D\000e\000t\000a\000i\000l\000e\000d\000\040\000D\000e\000s\000c\000r\000i\000p\000t\000i\000o\000n}{section.6.1}% 13
\BOOKMARK [2][-]{subsection.6.1.2}{\376\377\0006\000.\0001\000.\0002\000\040\000C\000o\000n\000s\000t\000r\000u\000c\000t\000o\000r\000\040\000\046\000\040\000D\000e\000s\000t\000r\000u\000c\000t\000o\000r\000\040\000D\000o\000c\000u\000m\000e\000n\000t\000a\000t\000i\000o\000n}{section.6.1}% 14
\BOOKMARK [3][-]{subsubsection.6.1.2.1}{\376\377\0006\000.\0001\000.\0002\000.\0001\000\040\000C\000l\000o\000s\000e\000s\000t\000E\000n\000c\000o\000u\000n\000t\000e\000r\000W\000a\000t\000c\000h\000e\000r\000\050\000\051\000\040\000[\0001\000/\0002\000]}{subsection.6.1.2}% 15
\BOOKMARK [3][-]{subsubsection.6.1.2.2}{\376\377\0006\000.\0001\000.\0002\000.\0002\000\040\000C\000l\000o\000s\000e\000s\000t\000E\000n\000c\000o\000u\000n\000t\000e\000r\000W\000a\000t\000c\000h\000e\000r\000\050\000\051\000\040\000[\0002\000/\0002\000]}{subsection.6.1.2}% 16
\BOOKMARK [2][-]{subsection.6.1.3}{\376\377\0006\000.\0001\000.\0003\000\040\000M\000e\000m\000b\000e\000r\000\040\000F\000u\000n\000c\000t\000i\000o\000n\000\040\000D\000o\000c\000u\000m\000e\000n\000t\000a\000t\000i\000o\000n}{section.6.1}% 17
\BOOKMARK [3][-]{subsubsection.6.1.3.1}{\376\377\0006\000.\0001\000.\0003\000.\0001\000\040\000R\000e\000s\000e\000t\000C\000l\000o\000s\000e\000s\000t\000E\000n\000c\000o\000u\000n\000t\000e\000r\000\050\000\051}{subsection.6.1.3}% 18
\BOOKMARK [3][-]{subsubsection.6.1.3.2}{\376\377\0006\000.\0001\000.\0003\000.\0002\000\040\000S\000i\000m\000u\000l\000a\000t\000i\000o\000n\000\137\000S\000t\000e\000p\000p\000e\000d\000\050\000\051}{subsection.6.1.3}% 19
\BOOKMARK [2][-]{subsection.6.1.4}{\376\377\0006\000.\0001\000.\0004\000\040\000M\000e\000m\000b\000e\000r\000\040\000D\000a\000t\000a\000\040\000D\000o\000c\000u\000m\000e\000n\000t\000a\000t\000i\000o\000n}{section.6.1}% 20
\BOOKMARK [3][-]{subsubsection.6.1.4.1}{\376\377\0006\000.\0001\000.\0004\000.\0001\000\040\000D\000E\000F\000A\000U\000L\000T\000\137\000S\000E\000T\000T\000I\000N\000G\000S}{subsection.6.1.4}% 21
\BOOKMARK [2][-]{subsection.6.1.5}{\376\377\0006\000.\0001\000.\0005\000\040\000P\000r\000o\000p\000e\000r\000t\000y\000\040\000D\000o\000c\000u\000m\000e\000n\000t\000a\000t\000i\000o\000n}{section.6.1}% 22
\BOOKMARK [3][-]{subsubsection.6.1.5.1}{\376\377\0006\000.\0001\000.\0005\000.\0001\000\040\000C\000u\000r\000r\000e\000n\000t\000C\000l\000o\000s\000e\000s\000t\000E\000n\000c\000o\000u\000n\000t\000e\000r}{subsection.6.1.5}% 23
\BOOKMARK [1][-]{section.6.2}{\376\377\0006\000.\0002\000\040\000S\000i\000m\000u\000l\000a\000t\000i\000o\000n\000.\000C\000l\000o\000s\000e\000s\000t\000E\000n\000c\000o\000u\000n\000t\000e\000r\000W\000a\000t\000c\000h\000e\000r\000S\000e\000t\000t\000i\000n\000g\000s\000\040\000S\000t\000r\000u\000c\000t\000\040\000R\000e\000f\000e\000r\000e\000n\000c\000e}{chapter.6}% 24
\BOOKMARK [2][-]{subsection.6.2.1}{\376\377\0006\000.\0002\000.\0001\000\040\000D\000e\000t\000a\000i\000l\000e\000d\000\040\000D\000e\000s\000c\000r\000i\000p\000t\000i\000o\000n}{section.6.2}% 25
\BOOKMARK [2][-]{subsection.6.2.2}{\376\377\0006\000.\0002\000.\0002\000\040\000P\000r\000o\000p\000e\000r\000t\000y\000\040\000D\000o\000c\000u\000m\000e\000n\000t\000a\000t\000i\000o\000n}{section.6.2}% 26
\BOOKMARK [3][-]{subsubsection.6.2.2.1}{\376\377\0006\000.\0002\000.\0002\000.\0001\000\040\000A\000u\000t\000o\000S\000t\000o\000p\000S\000i\000m\000u\000l\000a\000t\000i\000o\000n}{subsection.6.2.2}% 27
\BOOKMARK [1][-]{section.6.3}{\376\377\0006\000.\0003\000\040\000S\000i\000m\000u\000l\000a\000t\000i\000o\000n\000.\000C\000o\000n\000s\000t\000a\000n\000t\000S\000t\000e\000p\000S\000i\000m\000u\000l\000a\000t\000i\000o\000n\000\040\000C\000l\000a\000s\000s\000\040\000R\000e\000f\000e\000r\000e\000n\000c\000e}{chapter.6}% 28
\BOOKMARK [2][-]{subsection.6.3.1}{\376\377\0006\000.\0003\000.\0001\000\040\000D\000e\000t\000a\000i\000l\000e\000d\000\040\000D\000e\000s\000c\000r\000i\000p\000t\000i\000o\000n}{section.6.3}% 29
\BOOKMARK [2][-]{subsection.6.3.2}{\376\377\0006\000.\0003\000.\0002\000\040\000C\000o\000n\000s\000t\000r\000u\000c\000t\000o\000r\000\040\000\046\000\040\000D\000e\000s\000t\000r\000u\000c\000t\000o\000r\000\040\000D\000o\000c\000u\000m\000e\000n\000t\000a\000t\000i\000o\000n}{section.6.3}% 30
\BOOKMARK [3][-]{subsubsection.6.3.2.1}{\376\377\0006\000.\0003\000.\0002\000.\0001\000\040\000C\000o\000n\000s\000t\000a\000n\000t\000S\000t\000e\000p\000S\000i\000m\000u\000l\000a\000t\000i\000o\000n\000\050\000\051}{subsection.6.3.2}% 31
\BOOKMARK [2][-]{subsection.6.3.3}{\376\377\0006\000.\0003\000.\0003\000\040\000M\000e\000m\000b\000e\000r\000\040\000F\000u\000n\000c\000t\000i\000o\000n\000\040\000D\000o\000c\000u\000m\000e\000n\000t\000a\000t\000i\000o\000n}{section.6.3}% 32
\BOOKMARK [3][-]{subsubsection.6.3.3.1}{\376\377\0006\000.\0003\000.\0003\000.\0001\000\040\000D\000o\000S\000t\000e\000p\000\050\000\051}{subsection.6.3.3}% 33
\BOOKMARK [1][-]{section.6.4}{\376\377\0006\000.\0004\000\040\000S\000i\000m\000u\000l\000a\000t\000i\000o\000n\000.\000D\000y\000n\000a\000m\000i\000c\000W\000o\000r\000l\000d\000P\000o\000i\000n\000t\000\040\000C\000l\000a\000s\000s\000\040\000R\000e\000f\000e\000r\000e\000n\000c\000e}{chapter.6}% 34
\BOOKMARK [2][-]{subsection.6.4.1}{\376\377\0006\000.\0004\000.\0001\000\040\000D\000e\000t\000a\000i\000l\000e\000d\000\040\000D\000e\000s\000c\000r\000i\000p\000t\000i\000o\000n}{section.6.4}% 35
\BOOKMARK [2][-]{subsection.6.4.2}{\376\377\0006\000.\0004\000.\0002\000\040\000C\000o\000n\000s\000t\000r\000u\000c\000t\000o\000r\000\040\000\046\000\040\000D\000e\000s\000t\000r\000u\000c\000t\000o\000r\000\040\000D\000o\000c\000u\000m\000e\000n\000t\000a\000t\000i\000o\000n}{section.6.4}% 36
\BOOKMARK [3][-]{subsubsection.6.4.2.1}{\376\377\0006\000.\0004\000.\0002\000.\0001\000\040\000D\000y\000n\000a\000m\000i\000c\000W\000o\000r\000l\000d\000P\000o\000i\000n\000t\000\050\000\051\000\040\000[\0001\000/\0002\000]}{subsection.6.4.2}% 37
\BOOKMARK [3][-]{subsubsection.6.4.2.2}{\376\377\0006\000.\0004\000.\0002\000.\0002\000\040\000D\000y\000n\000a\000m\000i\000c\000W\000o\000r\000l\000d\000P\000o\000i\000n\000t\000\050\000\051\000\040\000[\0002\000/\0002\000]}{subsection.6.4.2}% 38
\BOOKMARK [2][-]{subsection.6.4.3}{\376\377\0006\000.\0004\000.\0003\000\040\000M\000e\000m\000b\000e\000r\000\040\000F\000u\000n\000c\000t\000i\000o\000n\000\040\000D\000o\000c\000u\000m\000e\000n\000t\000a\000t\000i\000o\000n}{section.6.4}% 39
\BOOKMARK [3][-]{subsubsection.6.4.3.1}{\376\377\0006\000.\0004\000.\0003\000.\0001\000\040\000C\000l\000o\000n\000e\000T\000o\000W\000o\000r\000l\000d\000\050\000\051}{subsection.6.4.3}% 40
\BOOKMARK [3][-]{subsubsection.6.4.3.2}{\376\377\0006\000.\0004\000.\0003\000.\0002\000\040\000S\000t\000a\000r\000t\000A\000p\000p\000l\000y\000i\000n\000g\000F\000o\000r\000c\000e\000\050\000\051}{subsection.6.4.3}% 41
\BOOKMARK [3][-]{subsubsection.6.4.3.3}{\376\377\0006\000.\0004\000.\0003\000.\0003\000\040\000S\000t\000e\000p\000\050\000\051}{subsection.6.4.3}% 42
\BOOKMARK [3][-]{subsubsection.6.4.3.4}{\376\377\0006\000.\0004\000.\0003\000.\0004\000\040\000S\000t\000o\000p\000A\000p\000p\000l\000y\000i\000n\000g\000F\000o\000r\000c\000e\000\050\000\051}{subsection.6.4.3}% 43
\BOOKMARK [2][-]{subsection.6.4.4}{\376\377\0006\000.\0004\000.\0004\000\040\000P\000r\000o\000p\000e\000r\000t\000y\000\040\000D\000o\000c\000u\000m\000e\000n\000t\000a\000t\000i\000o\000n}{section.6.4}% 44
\BOOKMARK [3][-]{subsubsection.6.4.4.1}{\376\377\0006\000.\0004\000.\0004\000.\0001\000\040\000A\000c\000c\000e\000l\000e\000r\000a\000t\000i\000o\000n}{subsection.6.4.4}% 45
\BOOKMARK [3][-]{subsubsection.6.4.4.2}{\376\377\0006\000.\0004\000.\0004\000.\0002\000\040\000D\000i\000r\000e\000c\000t\000i\000o\000n}{subsection.6.4.4}% 46
\BOOKMARK [3][-]{subsubsection.6.4.4.3}{\376\377\0006\000.\0004\000.\0004\000.\0003\000\040\000M\000a\000s\000s}{subsection.6.4.4}% 47
\BOOKMARK [3][-]{subsubsection.6.4.4.4}{\376\377\0006\000.\0004\000.\0004\000.\0004\000\040\000S\000p\000e\000e\000d}{subsection.6.4.4}% 48
\BOOKMARK [3][-]{subsubsection.6.4.4.5}{\376\377\0006\000.\0004\000.\0004\000.\0005\000\040\000V\000e\000l\000o\000c\000i\000t\000y}{subsection.6.4.4}% 49
\BOOKMARK [1][-]{section.6.5}{\376\377\0006\000.\0005\000\040\000S\000i\000m\000u\000l\000a\000t\000i\000o\000n\000.\000E\000n\000c\000o\000u\000n\000t\000e\000r\000\040\000S\000t\000r\000u\000c\000t\000\040\000R\000e\000f\000e\000r\000e\000n\000c\000e}{chapter.6}% 50
\BOOKMARK [2][-]{subsection.6.5.1}{\376\377\0006\000.\0005\000.\0001\000\040\000D\000e\000t\000a\000i\000l\000e\000d\000\040\000D\000e\000s\000c\000r\000i\000p\000t\000i\000o\000n}{section.6.5}% 51
\BOOKMARK [2][-]{subsection.6.5.2}{\376\377\0006\000.\0005\000.\0002\000\040\000P\000r\000o\000p\000e\000r\000t\000y\000\040\000D\000o\000c\000u\000m\000e\000n\000t\000a\000t\000i\000o\000n}{section.6.5}% 52
\BOOKMARK [3][-]{subsubsection.6.5.2.1}{\376\377\0006\000.\0005\000.\0002\000.\0001\000\040\000D\000i\000s\000t\000a\000n\000c\000e}{subsection.6.5.2}% 53
\BOOKMARK [3][-]{subsubsection.6.5.2.2}{\376\377\0006\000.\0005\000.\0002\000.\0002\000\040\000N\000U\000L\000L}{subsection.6.5.2}% 54
\BOOKMARK [3][-]{subsubsection.6.5.2.3}{\376\377\0006\000.\0005\000.\0002\000.\0003\000\040\000T\000i\000m\000e\000s\000t\000a\000m\000p}{subsection.6.5.2}% 55
\BOOKMARK [3][-]{subsubsection.6.5.2.4}{\376\377\0006\000.\0005\000.\0002\000.\0004\000\040\000W\000o\000r\000l\000d\000S\000n\000a\000p\000s\000h\000o\000t}{subsection.6.5.2}% 56
\BOOKMARK [1][-]{section.6.6}{\376\377\0006\000.\0006\000\040\000S\000i\000m\000u\000l\000a\000t\000i\000o\000n\000.\000W\000o\000r\000l\000d\000.\000O\000b\000j\000e\000c\000t\000\040\000C\000l\000a\000s\000s\000\040\000R\000e\000f\000e\000r\000e\000n\000c\000e}{chapter.6}% 57
\BOOKMARK [2][-]{subsection.6.6.1}{\376\377\0006\000.\0006\000.\0001\000\040\000D\000e\000t\000a\000i\000l\000e\000d\000\040\000D\000e\000s\000c\000r\000i\000p\000t\000i\000o\000n}{section.6.6}% 58
\BOOKMARK [2][-]{subsection.6.6.2}{\376\377\0006\000.\0006\000.\0002\000\040\000C\000o\000n\000s\000t\000r\000u\000c\000t\000o\000r\000\040\000\046\000\040\000D\000e\000s\000t\000r\000u\000c\000t\000o\000r\000\040\000D\000o\000c\000u\000m\000e\000n\000t\000a\000t\000i\000o\000n}{section.6.6}% 59
\BOOKMARK [3][-]{subsubsection.6.6.2.1}{\376\377\0006\000.\0006\000.\0002\000.\0001\000\040\000O\000b\000j\000e\000c\000t\000\050\000\051}{subsection.6.6.2}% 60
\BOOKMARK [2][-]{subsection.6.6.3}{\376\377\0006\000.\0006\000.\0003\000\040\000M\000e\000m\000b\000e\000r\000\040\000F\000u\000n\000c\000t\000i\000o\000n\000\040\000D\000o\000c\000u\000m\000e\000n\000t\000a\000t\000i\000o\000n}{section.6.6}% 61
\BOOKMARK [3][-]{subsubsection.6.6.3.1}{\376\377\0006\000.\0006\000.\0003\000.\0001\000\040\000C\000l\000o\000n\000e\000T\000o\000W\000o\000r\000l\000d\000\050\000\051}{subsection.6.6.3}% 62
\BOOKMARK [3][-]{subsubsection.6.6.3.2}{\376\377\0006\000.\0006\000.\0003\000.\0002\000\040\000S\000t\000e\000p\000\050\000\051}{subsection.6.6.3}% 63
\BOOKMARK [2][-]{subsection.6.6.4}{\376\377\0006\000.\0006\000.\0004\000\040\000P\000r\000o\000p\000e\000r\000t\000y\000\040\000D\000o\000c\000u\000m\000e\000n\000t\000a\000t\000i\000o\000n}{section.6.6}% 64
\BOOKMARK [3][-]{subsubsection.6.6.4.1}{\376\377\0006\000.\0006\000.\0004\000.\0001\000\040\000I\000D}{subsection.6.6.4}% 65
\BOOKMARK [3][-]{subsubsection.6.6.4.2}{\376\377\0006\000.\0006\000.\0004\000.\0002\000\040\000L\000o\000c\000a\000t\000i\000o\000n}{subsection.6.6.4}% 66
\BOOKMARK [1][-]{section.6.7}{\376\377\0006\000.\0007\000\040\000S\000i\000m\000u\000l\000a\000t\000i\000o\000n\000.\000P\000r\000o\000g\000r\000a\000m\000\040\000C\000l\000a\000s\000s\000\040\000R\000e\000f\000e\000r\000e\000n\000c\000e}{chapter.6}% 67
\BOOKMARK [2][-]{subsection.6.7.1}{\376\377\0006\000.\0007\000.\0001\000\040\000D\000e\000t\000a\000i\000l\000e\000d\000\040\000D\000e\000s\000c\000r\000i\000p\000t\000i\000o\000n}{section.6.7}% 68
\BOOKMARK [2][-]{subsection.6.7.2}{\376\377\0006\000.\0007\000.\0002\000\040\000M\000e\000m\000b\000e\000r\000\040\000F\000u\000n\000c\000t\000i\000o\000n\000\040\000D\000o\000c\000u\000m\000e\000n\000t\000a\000t\000i\000o\000n}{section.6.7}% 69
\BOOKMARK [3][-]{subsubsection.6.7.2.1}{\376\377\0006\000.\0007\000.\0002\000.\0001\000\040\000F\000i\000n\000d\000C\000l\000o\000s\000e\000s\000t\000E\000n\000c\000o\000u\000n\000t\000e\000r\000\050\000\051}{subsection.6.7.2}% 70
\BOOKMARK [2][-]{subsection.6.7.3}{\376\377\0006\000.\0007\000.\0003\000\040\000M\000e\000m\000b\000e\000r\000\040\000D\000a\000t\000a\000\040\000D\000o\000c\000u\000m\000e\000n\000t\000a\000t\000i\000o\000n}{section.6.7}% 71
\BOOKMARK [3][-]{subsubsection.6.7.3.1}{\376\377\0006\000.\0007\000.\0003\000.\0001\000\040\000a\0001}{subsection.6.7.3}% 72
\BOOKMARK [3][-]{subsubsection.6.7.3.2}{\376\377\0006\000.\0007\000.\0003\000.\0002\000\040\000a\0002}{subsection.6.7.3}% 73
\BOOKMARK [3][-]{subsubsection.6.7.3.3}{\376\377\0006\000.\0007\000.\0003\000.\0003\000\040\000m\0001}{subsection.6.7.3}% 74
\BOOKMARK [3][-]{subsubsection.6.7.3.4}{\376\377\0006\000.\0007\000.\0003\000.\0004\000\040\000m\0002}{subsection.6.7.3}% 75
\BOOKMARK [3][-]{subsubsection.6.7.3.5}{\376\377\0006\000.\0007\000.\0003\000.\0005\000\040\000s\0001}{subsection.6.7.3}% 76
\BOOKMARK [3][-]{subsubsection.6.7.3.6}{\376\377\0006\000.\0007\000.\0003\000.\0006\000\040\000s\0002}{subsection.6.7.3}% 77
\BOOKMARK [3][-]{subsubsection.6.7.3.7}{\376\377\0006\000.\0007\000.\0003\000.\0007\000\040\000v\0001}{subsection.6.7.3}% 78
\BOOKMARK [3][-]{subsubsection.6.7.3.8}{\376\377\0006\000.\0007\000.\0003\000.\0008\000\040\000v\0002}{subsection.6.7.3}% 79
\BOOKMARK [1][-]{section.6.8}{\376\377\0006\000.\0008\000\040\000S\000i\000m\000u\000l\000a\000t\000i\000o\000n\000.\000S\000i\000m\000u\000l\000a\000t\000i\000o\000n\000\040\000C\000l\000a\000s\000s\000\040\000R\000e\000f\000e\000r\000e\000n\000c\000e}{chapter.6}% 80
\BOOKMARK [2][-]{subsection.6.8.1}{\376\377\0006\000.\0008\000.\0001\000\040\000D\000e\000t\000a\000i\000l\000e\000d\000\040\000D\000e\000s\000c\000r\000i\000p\000t\000i\000o\000n}{section.6.8}% 81
\BOOKMARK [2][-]{subsection.6.8.2}{\376\377\0006\000.\0008\000.\0002\000\040\000C\000o\000n\000s\000t\000r\000u\000c\000t\000o\000r\000\040\000\046\000\040\000D\000e\000s\000t\000r\000u\000c\000t\000o\000r\000\040\000D\000o\000c\000u\000m\000e\000n\000t\000a\000t\000i\000o\000n}{section.6.8}% 82
\BOOKMARK [3][-]{subsubsection.6.8.2.1}{\376\377\0006\000.\0008\000.\0002\000.\0001\000\040\000S\000i\000m\000u\000l\000a\000t\000i\000o\000n\000\050\000\051}{subsection.6.8.2}% 83
\BOOKMARK [2][-]{subsection.6.8.3}{\376\377\0006\000.\0008\000.\0003\000\040\000M\000e\000m\000b\000e\000r\000\040\000F\000u\000n\000c\000t\000i\000o\000n\000\040\000D\000o\000c\000u\000m\000e\000n\000t\000a\000t\000i\000o\000n}{section.6.8}% 84
\BOOKMARK [3][-]{subsubsection.6.8.3.1}{\376\377\0006\000.\0008\000.\0003\000.\0001\000\040\000D\000o\000S\000t\000e\000p\000\050\000\051}{subsection.6.8.3}% 85
\BOOKMARK [3][-]{subsubsection.6.8.3.2}{\376\377\0006\000.\0008\000.\0003\000.\0002\000\040\000S\000i\000m\000u\000l\000a\000t\000e\000\050\000\051}{subsection.6.8.3}% 86
\BOOKMARK [3][-]{subsubsection.6.8.3.3}{\376\377\0006\000.\0008\000.\0003\000.\0003\000\040\000S\000t\000e\000p\000p\000e\000d\000E\000v\000e\000n\000t\000H\000a\000n\000d\000l\000e\000r\000\050\000\051}{subsection.6.8.3}% 87
\BOOKMARK [3][-]{subsubsection.6.8.3.4}{\376\377\0006\000.\0008\000.\0003\000.\0004\000\040\000S\000t\000o\000p\000S\000i\000m\000u\000l\000a\000t\000i\000o\000n\000\050\000\051}{subsection.6.8.3}% 88
\BOOKMARK [2][-]{subsection.6.8.4}{\376\377\0006\000.\0008\000.\0004\000\040\000M\000e\000m\000b\000e\000r\000\040\000D\000a\000t\000a\000\040\000D\000o\000c\000u\000m\000e\000n\000t\000a\000t\000i\000o\000n}{section.6.8}% 89
\BOOKMARK [3][-]{subsubsection.6.8.4.1}{\376\377\0006\000.\0008\000.\0004\000.\0001\000\040\000w\000o\000r\000l\000d}{subsection.6.8.4}% 90
\BOOKMARK [2][-]{subsection.6.8.5}{\376\377\0006\000.\0008\000.\0005\000\040\000P\000r\000o\000p\000e\000r\000t\000y\000\040\000D\000o\000c\000u\000m\000e\000n\000t\000a\000t\000i\000o\000n}{section.6.8}% 91
\BOOKMARK [3][-]{subsubsection.6.8.5.1}{\376\377\0006\000.\0008\000.\0005\000.\0001\000\040\000T\000i\000m\000e\000S\000i\000n\000c\000e\000E\000p\000o\000c\000h}{subsection.6.8.5}% 92
\BOOKMARK [2][-]{subsection.6.8.6}{\376\377\0006\000.\0008\000.\0006\000\040\000E\000v\000e\000n\000t\000\040\000D\000o\000c\000u\000m\000e\000n\000t\000a\000t\000i\000o\000n}{section.6.8}% 93
\BOOKMARK [3][-]{subsubsection.6.8.6.1}{\376\377\0006\000.\0008\000.\0006\000.\0001\000\040\000S\000t\000e\000p\000p\000e\000d}{subsection.6.8.6}% 94
\BOOKMARK [1][-]{section.6.9}{\376\377\0006\000.\0009\000\040\000S\000i\000m\000u\000l\000a\000t\000i\000o\000n\000.\000S\000i\000m\000u\000l\000a\000t\000i\000o\000n\000W\000a\000t\000c\000h\000e\000r\000\040\000C\000l\000a\000s\000s\000\040\000R\000e\000f\000e\000r\000e\000n\000c\000e}{chapter.6}% 95
\BOOKMARK [2][-]{subsection.6.9.1}{\376\377\0006\000.\0009\000.\0001\000\040\000D\000e\000t\000a\000i\000l\000e\000d\000\040\000D\000e\000s\000c\000r\000i\000p\000t\000i\000o\000n}{section.6.9}% 96
\BOOKMARK [2][-]{subsection.6.9.2}{\376\377\0006\000.\0009\000.\0002\000\040\000C\000o\000n\000s\000t\000r\000u\000c\000t\000o\000r\000\040\000\046\000\040\000D\000e\000s\000t\000r\000u\000c\000t\000o\000r\000\040\000D\000o\000c\000u\000m\000e\000n\000t\000a\000t\000i\000o\000n}{section.6.9}% 97
\BOOKMARK [3][-]{subsubsection.6.9.2.1}{\376\377\0006\000.\0009\000.\0002\000.\0001\000\040\000S\000i\000m\000u\000l\000a\000t\000i\000o\000n\000W\000a\000t\000c\000h\000e\000r\000\050\000\051}{subsection.6.9.2}% 98
\BOOKMARK [2][-]{subsection.6.9.3}{\376\377\0006\000.\0009\000.\0003\000\040\000M\000e\000m\000b\000e\000r\000\040\000F\000u\000n\000c\000t\000i\000o\000n\000\040\000D\000o\000c\000u\000m\000e\000n\000t\000a\000t\000i\000o\000n}{section.6.9}% 99
\BOOKMARK [3][-]{subsubsection.6.9.3.1}{\376\377\0006\000.\0009\000.\0003\000.\0001\000\040\000D\000i\000s\000p\000o\000s\000e\000\050\000\051}{subsection.6.9.3}% 100
\BOOKMARK [3][-]{subsubsection.6.9.3.2}{\376\377\0006\000.\0009\000.\0003\000.\0002\000\040\000S\000i\000m\000u\000l\000a\000t\000i\000o\000n\000\137\000S\000t\000e\000p\000p\000e\000d\000\050\000\051}{subsection.6.9.3}% 101
\BOOKMARK [1][-]{section.6.10}{\376\377\0006\000.\0001\0000\000\040\000S\000i\000m\000u\000l\000a\000t\000i\000o\000n\000.\000S\000t\000e\000p\000E\000v\000e\000n\000t\000A\000r\000g\000s\000\040\000C\000l\000a\000s\000s\000\040\000R\000e\000f\000e\000r\000e\000n\000c\000e}{chapter.6}% 102
\BOOKMARK [2][-]{subsection.6.10.1}{\376\377\0006\000.\0001\0000\000.\0001\000\040\000D\000e\000t\000a\000i\000l\000e\000d\000\040\000D\000e\000s\000c\000r\000i\000p\000t\000i\000o\000n}{section.6.10}% 103
\BOOKMARK [2][-]{subsection.6.10.2}{\376\377\0006\000.\0001\0000\000.\0002\000\040\000P\000r\000o\000p\000e\000r\000t\000y\000\040\000D\000o\000c\000u\000m\000e\000n\000t\000a\000t\000i\000o\000n}{section.6.10}% 104
\BOOKMARK [3][-]{subsubsection.6.10.2.1}{\376\377\0006\000.\0001\0000\000.\0002\000.\0001\000\040\000D\000e\000l\000t\000a\000T\000i\000m\000e}{subsection.6.10.2}% 105
\BOOKMARK [1][-]{section.6.11}{\376\377\0006\000.\0001\0001\000\040\000S\000i\000m\000u\000l\000a\000t\000i\000o\000n\000.\000S\000t\000e\000p\000p\000e\000d\000E\000v\000e\000n\000t\000A\000r\000g\000s\000\040\000C\000l\000a\000s\000s\000\040\000R\000e\000f\000e\000r\000e\000n\000c\000e}{chapter.6}% 106
\BOOKMARK [2][-]{subsection.6.11.1}{\376\377\0006\000.\0001\0001\000.\0001\000\040\000D\000e\000t\000a\000i\000l\000e\000d\000\040\000D\000e\000s\000c\000r\000i\000p\000t\000i\000o\000n}{section.6.11}% 107
\BOOKMARK [2][-]{subsection.6.11.2}{\376\377\0006\000.\0001\0001\000.\0002\000\040\000P\000r\000o\000p\000e\000r\000t\000y\000\040\000D\000o\000c\000u\000m\000e\000n\000t\000a\000t\000i\000o\000n}{section.6.11}% 108
\BOOKMARK [3][-]{subsubsection.6.11.2.1}{\376\377\0006\000.\0001\0001\000.\0002\000.\0001\000\040\000T\000i\000m\000e\000S\000i\000n\000c\000e\000E\000p\000o\000c\000h}{subsection.6.11.2}% 109
\BOOKMARK [3][-]{subsubsection.6.11.2.2}{\376\377\0006\000.\0001\0001\000.\0002\000.\0002\000\040\000W\000o\000r\000l\000d\000S\000n\000a\000p\000s\000h\000o\000t}{subsection.6.11.2}% 110
\BOOKMARK [1][-]{section.6.12}{\376\377\0006\000.\0001\0002\000\040\000S\000i\000m\000u\000l\000a\000t\000i\000o\000n\000.\000W\000o\000r\000l\000d\000\040\000C\000l\000a\000s\000s\000\040\000R\000e\000f\000e\000r\000e\000n\000c\000e}{chapter.6}% 111
\BOOKMARK [2][-]{subsection.6.12.1}{\376\377\0006\000.\0001\0002\000.\0001\000\040\000D\000e\000t\000a\000i\000l\000e\000d\000\040\000D\000e\000s\000c\000r\000i\000p\000t\000i\000o\000n}{section.6.12}% 112
\BOOKMARK [2][-]{subsection.6.12.2}{\376\377\0006\000.\0001\0002\000.\0002\000\040\000C\000o\000n\000s\000t\000r\000u\000c\000t\000o\000r\000\040\000\046\000\040\000D\000e\000s\000t\000r\000u\000c\000t\000o\000r\000\040\000D\000o\000c\000u\000m\000e\000n\000t\000a\000t\000i\000o\000n}{section.6.12}% 113
\BOOKMARK [3][-]{subsubsection.6.12.2.1}{\376\377\0006\000.\0001\0002\000.\0002\000.\0001\000\040\000W\000o\000r\000l\000d\000\050\000\051}{subsection.6.12.2}% 114
\BOOKMARK [2][-]{subsection.6.12.3}{\376\377\0006\000.\0001\0002\000.\0003\000\040\000M\000e\000m\000b\000e\000r\000\040\000F\000u\000n\000c\000t\000i\000o\000n\000\040\000D\000o\000c\000u\000m\000e\000n\000t\000a\000t\000i\000o\000n}{section.6.12}% 115
\BOOKMARK [3][-]{subsubsection.6.12.3.1}{\376\377\0006\000.\0001\0002\000.\0003\000.\0001\000\040\000C\000l\000o\000n\000e\000\050\000\051}{subsection.6.12.3}% 116
\BOOKMARK [3][-]{subsubsection.6.12.3.2}{\376\377\0006\000.\0001\0002\000.\0003\000.\0002\000\040\000D\000o\000S\000t\000e\000p\000\050\000\051}{subsection.6.12.3}% 117
\BOOKMARK [3][-]{subsubsection.6.12.3.3}{\376\377\0006\000.\0001\0002\000.\0003\000.\0003\000\040\000F\000i\000n\000d\000O\000b\000j\000e\000c\000t\000\050\000\051}{subsection.6.12.3}% 118
\BOOKMARK [3][-]{subsubsection.6.12.3.4}{\376\377\0006\000.\0001\0002\000.\0003\000.\0004\000\040\000G\000e\000t\000O\000b\000j\000e\000c\000t\000B\000y\000I\000n\000d\000e\000x\000\050\000\051}{subsection.6.12.3}% 119
\BOOKMARK [3][-]{subsubsection.6.12.3.5}{\376\377\0006\000.\0001\0002\000.\0003\000.\0005\000\040\000S\000t\000e\000p\000E\000v\000e\000n\000t\000H\000a\000n\000d\000l\000e\000r\000\050\000\051}{subsection.6.12.3}% 120
\BOOKMARK [2][-]{subsection.6.12.4}{\376\377\0006\000.\0001\0002\000.\0004\000\040\000E\000v\000e\000n\000t\000\040\000D\000o\000c\000u\000m\000e\000n\000t\000a\000t\000i\000o\000n}{section.6.12}% 121
\BOOKMARK [3][-]{subsubsection.6.12.4.1}{\376\377\0006\000.\0001\0002\000.\0004\000.\0001\000\040\000S\000t\000e\000p}{subsection.6.12.4}% 122
\BOOKMARK [0][-]{chapter.7}{\376\377\0007\000\040\000F\000i\000l\000e\000\040\000D\000o\000c\000u\000m\000e\000n\000t\000a\000t\000i\000o\000n}{}% 123
\BOOKMARK [1][-]{section.7.1}{\376\377\0007\000.\0001\000\040\000C\000l\000o\000s\000e\000s\000t\000E\000n\000c\000o\000u\000n\000t\000e\000r\000W\000a\000t\000c\000h\000e\000r\000.\000c\000s\000\040\000F\000i\000l\000e\000\040\000R\000e\000f\000e\000r\000e\000n\000c\000e}{chapter.7}% 124
\BOOKMARK [1][-]{section.7.2}{\376\377\0007\000.\0002\000\040\000C\000l\000o\000s\000e\000s\000t\000E\000n\000c\000o\000u\000n\000t\000e\000r\000W\000a\000t\000c\000h\000e\000r\000.\000c\000s}{chapter.7}% 125
\BOOKMARK [1][-]{section.7.3}{\376\377\0007\000.\0003\000\040\000C\000l\000o\000s\000e\000s\000t\000E\000n\000c\000o\000u\000n\000t\000e\000r\000W\000a\000t\000c\000h\000e\000r\000S\000e\000t\000t\000i\000n\000g\000s\000.\000c\000s\000\040\000F\000i\000l\000e\000\040\000R\000e\000f\000e\000r\000e\000n\000c\000e}{chapter.7}% 126
\BOOKMARK [1][-]{section.7.4}{\376\377\0007\000.\0004\000\040\000C\000l\000o\000s\000e\000s\000t\000E\000n\000c\000o\000u\000n\000t\000e\000r\000W\000a\000t\000c\000h\000e\000r\000S\000e\000t\000t\000i\000n\000g\000s\000.\000c\000s}{chapter.7}% 127
\BOOKMARK [1][-]{section.7.5}{\376\377\0007\000.\0005\000\040\000D\000y\000n\000a\000m\000i\000c\000W\000o\000r\000l\000d\000O\000b\000j\000e\000c\000t\000.\000c\000s\000\040\000F\000i\000l\000e\000\040\000R\000e\000f\000e\000r\000e\000n\000c\000e}{chapter.7}% 128
\BOOKMARK [1][-]{section.7.6}{\376\377\0007\000.\0006\000\040\000D\000y\000n\000a\000m\000i\000c\000W\000o\000r\000l\000d\000O\000b\000j\000e\000c\000t\000.\000c\000s}{chapter.7}% 129
\BOOKMARK [1][-]{section.7.7}{\376\377\0007\000.\0007\000\040\000E\000n\000c\000o\000u\000n\000t\000e\000r\000.\000c\000s\000\040\000F\000i\000l\000e\000\040\000R\000e\000f\000e\000r\000e\000n\000c\000e}{chapter.7}% 130
\BOOKMARK [1][-]{section.7.8}{\376\377\0007\000.\0008\000\040\000E\000n\000c\000o\000u\000n\000t\000e\000r\000.\000c\000s}{chapter.7}% 131
\BOOKMARK [1][-]{section.7.9}{\376\377\0007\000.\0009\000\040\000o\000b\000j\000/\000D\000e\000b\000u\000g\000/\000n\000e\000t\0005\000.\0000\000/\000.\000N\000E\000T\000C\000o\000r\000e\000A\000p\000p\000,\000V\000e\000r\000s\000i\000o\000n\000=\000v\0005\000.\0000\000.\000A\000s\000s\000e\000m\000b\000l\000y\000A\000t\000t\000r\000i\000b\000u\000t\000e\000s\000.\000c\000s\000\040\000F\000i\000l\000e\000\040\000R\000e\000f\000e\000r\000e\000n\000c\000e}{chapter.7}% 132
\BOOKMARK [1][-]{section.7.10}{\376\377\0007\000.\0001\0000\000\040\000.\000N\000E\000T\000C\000o\000r\000e\000A\000p\000p\000,\000V\000e\000r\000s\000i\000o\000n\000=\000v\0005\000.\0000\000.\000A\000s\000s\000e\000m\000b\000l\000y\000A\000t\000t\000r\000i\000b\000u\000t\000e\000s\000.\000c\000s}{chapter.7}% 133
\BOOKMARK [1][-]{section.7.11}{\376\377\0007\000.\0001\0001\000\040\000o\000b\000j\000/\000D\000e\000b\000u\000g\000/\000n\000e\000t\0005\000.\0000\000/\000S\000i\000m\000u\000l\000a\000t\000i\000o\000n\000.\000A\000s\000s\000e\000m\000b\000l\000y\000I\000n\000f\000o\000.\000c\000s\000\040\000F\000i\000l\000e\000\040\000R\000e\000f\000e\000r\000e\000n\000c\000e}{chapter.7}% 134
\BOOKMARK [1][-]{section.7.12}{\376\377\0007\000.\0001\0002\000\040\000S\000i\000m\000u\000l\000a\000t\000i\000o\000n\000.\000A\000s\000s\000e\000m\000b\000l\000y\000I\000n\000f\000o\000.\000c\000s}{chapter.7}% 135
\BOOKMARK [1][-]{section.7.13}{\376\377\0007\000.\0001\0003\000\040\000P\000r\000o\000g\000r\000a\000m\000.\000c\000s\000\040\000F\000i\000l\000e\000\040\000R\000e\000f\000e\000r\000e\000n\000c\000e}{chapter.7}% 136
\BOOKMARK [1][-]{section.7.14}{\376\377\0007\000.\0001\0004\000\040\000P\000r\000o\000g\000r\000a\000m\000.\000c\000s}{chapter.7}% 137
\BOOKMARK [1][-]{section.7.15}{\376\377\0007\000.\0001\0005\000\040\000S\000i\000m\000u\000l\000a\000t\000i\000o\000n\000.\000c\000s\000\040\000F\000i\000l\000e\000\040\000R\000e\000f\000e\000r\000e\000n\000c\000e}{chapter.7}% 138
\BOOKMARK [1][-]{section.7.16}{\376\377\0007\000.\0001\0006\000\040\000S\000i\000m\000u\000l\000a\000t\000i\000o\000n\000.\000c\000s}{chapter.7}% 139
\BOOKMARK [1][-]{section.7.17}{\376\377\0007\000.\0001\0007\000\040\000S\000i\000m\000u\000l\000a\000t\000i\000o\000n\000W\000a\000t\000c\000h\000e\000r\000.\000c\000s\000\040\000F\000i\000l\000e\000\040\000R\000e\000f\000e\000r\000e\000n\000c\000e}{chapter.7}% 140
\BOOKMARK [1][-]{section.7.18}{\376\377\0007\000.\0001\0008\000\040\000S\000i\000m\000u\000l\000a\000t\000i\000o\000n\000W\000a\000t\000c\000h\000e\000r\000.\000c\000s}{chapter.7}% 141
\BOOKMARK [1][-]{section.7.19}{\376\377\0007\000.\0001\0009\000\040\000S\000t\000e\000p\000E\000v\000e\000n\000t\000A\000r\000g\000s\000.\000c\000s\000\040\000F\000i\000l\000e\000\040\000R\000e\000f\000e\000r\000e\000n\000c\000e}{chapter.7}% 142
\BOOKMARK [1][-]{section.7.20}{\376\377\0007\000.\0002\0000\000\040\000S\000t\000e\000p\000E\000v\000e\000n\000t\000A\000r\000g\000s\000.\000c\000s}{chapter.7}% 143
\BOOKMARK [1][-]{section.7.21}{\376\377\0007\000.\0002\0001\000\040\000S\000t\000e\000p\000p\000e\000d\000E\000v\000e\000n\000t\000A\000r\000g\000s\000.\000c\000s\000\040\000F\000i\000l\000e\000\040\000R\000e\000f\000e\000r\000e\000n\000c\000e}{chapter.7}% 144
\BOOKMARK [1][-]{section.7.22}{\376\377\0007\000.\0002\0002\000\040\000S\000t\000e\000p\000p\000e\000d\000E\000v\000e\000n\000t\000A\000r\000g\000s\000.\000c\000s}{chapter.7}% 145
\BOOKMARK [1][-]{section.7.23}{\376\377\0007\000.\0002\0003\000\040\000S\000t\000e\000p\000S\000i\000m\000u\000l\000a\000t\000i\000o\000n\000.\000c\000s\000\040\000F\000i\000l\000e\000\040\000R\000e\000f\000e\000r\000e\000n\000c\000e}{chapter.7}% 146
\BOOKMARK [1][-]{section.7.24}{\376\377\0007\000.\0002\0004\000\040\000S\000t\000e\000p\000S\000i\000m\000u\000l\000a\000t\000i\000o\000n\000.\000c\000s}{chapter.7}% 147
\BOOKMARK [1][-]{section.7.25}{\376\377\0007\000.\0002\0005\000\040\000W\000o\000r\000l\000d\000.\000c\000s\000\040\000F\000i\000l\000e\000\040\000R\000e\000f\000e\000r\000e\000n\000c\000e}{chapter.7}% 148
\BOOKMARK [1][-]{section.7.26}{\376\377\0007\000.\0002\0006\000\040\000W\000o\000r\000l\000d\000.\000c\000s}{chapter.7}% 149
